Running with dbt=1.10.13
Registered adapter: duckdb=1.9.6
Found 13 models, 9 data tests, 1 source, 829 macros

Concurrency: 1 threads (target='dev')

1 of 17 START sql table model marts.marts_bygg ................................. [RUN]
1 of 17 ERROR creating sql table model marts.marts_bygg ........................ [[31mERROR[0m in 0.04s]
2 of 17 START sql table model marts.marts_kultur ............................... [RUN]
2 of 17 ERROR creating sql table model marts.marts_kultur ...................... [[31mERROR[0m in 0.01s]
3 of 17 START sql table model marts.marts_pedagogik ............................ [RUN]
3 of 17 ERROR creating sql table model marts.marts_pedagogik ................... [[31mERROR[0m in 0.01s]
4 of 17 START sql table model warehouse.dim_auxilliary_attributes .............. [RUN]
4 of 17 ERROR creating sql table model warehouse.dim_auxilliary_attributes ..... [[31mERROR[0m in 0.02s]
5 of 17 START sql table model warehouse.dim_employer ........................... [RUN]
5 of 17 ERROR creating sql table model warehouse.dim_employer .................. [[31mERROR[0m in 0.02s]
6 of 17 START sql table model warehouse.fct_job_ads ............................ [RUN]
6 of 17 ERROR creating sql table model warehouse.fct_job_ads ................... [[31mERROR[0m in 0.02s]
7 of 17 START sql table model warehouse.dim_job_details ........................ [RUN]
7 of 17 ERROR creating sql table model warehouse.dim_job_details ............... [[31mERROR[0m in 0.01s]
8 of 17 START sql table model warehouse.dim_occupation ......................... [RUN]
8 of 17 ERROR creating sql table model warehouse.dim_occupation ................ [[31mERROR[0m in 0.01s]
9 of 17 SKIP test not_null_dim_auxilliary_attributes_auxilliary_attributes_id .. [[33mSKIP[0m]
10 of 17 SKIP test not_null_dim_employer_employer_id ........................... [[33mSKIP[0m]
11 of 17 SKIP test dbt_expectations_expect_column_max_to_be_between_fct_job_ads_vacancies__200__1  [[33mSKIP[0m]
12 of 17 SKIP test dbt_expectations_expect_column_values_to_be_between_fct_job_ads_relevance__1__0  [[33mSKIP[0m]
13 of 17 SKIP test dbt_expectations_expect_column_values_to_be_of_type_fct_job_ads_relevance__float  [[33mSKIP[0m]
14 of 17 SKIP test dbt_expectations_expect_column_values_to_be_of_type_fct_job_ads_vacancies__number  [[33mSKIP[0m]
15 of 17 SKIP test not_null_fct_job_ads_occupation_id .......................... [[33mSKIP[0m]
16 of 17 SKIP test not_null_dim_job_details_job_id ............................. [[33mSKIP[0m]
17 of 17 SKIP test relationships_fct_job_ads_occupation_id__occupation_id__ref_dim_occupation_  [[33mSKIP[0m]

Finished running 8 table models, 9 data tests in 0 hours 0 minutes and 0.32 seconds (0.32s).

[31mCompleted with 8 errors, 0 partial successes, and 0 warnings:[0m

[31mFailure in model marts_bygg (models/mart/marts_bygg.sql)[0m
  Runtime Error in model marts_bygg (models/mart/marts_bygg.sql)
  Catalog Error: Table with name fct_job_ads does not exist!
  Did you mean "duckdb_tables"?
  
  LINE 38: FROM fct_job_ads f
                ^

  compiled code at target/dbt_models-7b3b450-0411048/compiled/dbt_code/models/mart/marts_bygg.sql

[31mFailure in model marts_kultur (models/mart/marts_kultur.sql)[0m
  Runtime Error in model marts_kultur (models/mart/marts_kultur.sql)
  Catalog Error: Table with name fct_job_ads does not exist!
  Did you mean "duckdb_tables"?
  
  LINE 38: FROM fct_job_ads f
                ^

  compiled code at target/dbt_models-7b3b450-0411048/compiled/dbt_code/models/mart/marts_kultur.sql

[31mFailure in model marts_pedagogik (models/mart/marts_pedagogik.sql)[0m
  Runtime Error in model marts_pedagogik (models/mart/marts_pedagogik.sql)
  Catalog Error: Table with name fct_job_ads does not exist!
  Did you mean "duckdb_tables"?
  
  LINE 38: FROM fct_job_ads f
                ^

  compiled code at target/dbt_models-7b3b450-0411048/compiled/dbt_code/models/mart/marts_pedagogik.sql

[31mFailure in model dim_auxilliary_attributes (models/dim/dim_auxilliary_attributes.sql)[0m
  Runtime Error in model dim_auxilliary_attributes (models/dim/dim_auxilliary_attributes.sql)
  Catalog Error: Table with name project_job_ads does not exist!
  Did you mean "pg_catalog.pg_tables"?
  
  LINE 12: with stg_job_ads as (select * from "job_ads"."staging"."project_job_ads")
                                              ^

  compiled code at target/dbt_models-7b3b450-0411048/compiled/dbt_code/models/dim/dim_auxilliary_attributes.sql

[31mFailure in model dim_employer (models/dim/dim_employer.sql)[0m
  Runtime Error in model dim_employer (models/dim/dim_employer.sql)
  Catalog Error: Table with name project_job_ads does not exist!
  Did you mean "pg_catalog.pg_tables"?
  
  LINE 12: with stg_job_ads as (select * from "job_ads"."staging"."project_job_ads")
                                              ^

  compiled code at target/dbt_models-7b3b450-0411048/compiled/dbt_code/models/dim/dim_employer.sql

[31mFailure in model fct_job_ads (models/fct/fct_job_ads.sql)[0m
  Runtime Error in model fct_job_ads (models/fct/fct_job_ads.sql)
  Catalog Error: Table with name project_job_ads does not exist!
  Did you mean "pg_catalog.pg_tables"?
  
  LINE 12: with stg_job_ads as (select * from "job_ads"."staging"."project_job_ads")
                                              ^

  compiled code at target/dbt_models-7b3b450-0411048/compiled/dbt_code/models/fct/fct_job_ads.sql

[31mFailure in model dim_job_details (models/dim/dim_job_details.sql)[0m
  Runtime Error in model dim_job_details (models/dim/dim_job_details.sql)
  Catalog Error: Table with name project_job_ads does not exist!
  Did you mean "pg_catalog.pg_tables"?
  
  LINE 12: with stg_job_ads as (select * from "job_ads"."staging"."project_job_ads")
                                              ^

  compiled code at target/dbt_models-7b3b450-0411048/compiled/dbt_code/models/dim/dim_job_details.sql

[31mFailure in model dim_occupation (models/dim/dim_occupation.sql)[0m
  Runtime Error in model dim_occupation (models/dim/dim_occupation.sql)
  Catalog Error: Table with name project_job_ads does not exist!
  Did you mean "pg_catalog.pg_tables"?
  
  LINE 12: with stg_job_ads as (select * from "job_ads"."staging"."project_job_ads")
                                              ^

  compiled code at target/dbt_models-7b3b450-0411048/compiled/dbt_code/models/dim/dim_occupation.sql

Done. PASS=0 WARN=0 ERROR=8 SKIP=9 NO-OP=0 TOTAL=17
